2021-09-10 00:02:40,630 ERROR 5304 [-/127.0.0.1/-/3ms GET /default/getListById/1] nodejs.ER_PARSE_ERRORError: ER_PARSE_ERROR: You have an error in your SQL syntax; check the manual that corresponds to your MySQL server version for the right syntax to use near 'BY article.id DESC' at line 1
    at Query.Sequence._packetToError (D:\homework\reactblog\service\node_modules\mysql\lib\protocol\sequences\Sequence.js:47:14)
    at Query.ErrorPacket (D:\homework\reactblog\service\node_modules\mysql\lib\protocol\sequences\Query.js:79:18)
    at Protocol._parsePacket (D:\homework\reactblog\service\node_modules\mysql\lib\protocol\Protocol.js:291:23)
    at Parser._parsePacket (D:\homework\reactblog\service\node_modules\mysql\lib\protocol\Parser.js:433:10)
    at Parser.write (D:\homework\reactblog\service\node_modules\mysql\lib\protocol\Parser.js:43:10)
    at Protocol.write (D:\homework\reactblog\service\node_modules\mysql\lib\protocol\Protocol.js:38:16)
    at Socket.<anonymous> (D:\homework\reactblog\service\node_modules\mysql\lib\Connection.js:88:28)
    at Socket.<anonymous> (D:\homework\reactblog\service\node_modules\mysql\lib\Connection.js:526:10)
    at Socket.emit (events.js:315:20)
    at addChunk (internal/streams/readable.js:309:12)
    --------------------
    at Pool.query (D:\homework\reactblog\service\node_modules\mysql\lib\Pool.js:199:23)
    at D:\homework\reactblog\service\node_modules\ali-rds\node_modules\pify\index.js:29:7
    at new Promise (<anonymous>)
    at Pool.<anonymous> (D:\homework\reactblog\service\node_modules\ali-rds\node_modules\pify\index.js:12:10)
    at Pool.ret [as query] (D:\homework\reactblog\service\node_modules\ali-rds\node_modules\pify\index.js:56:34)
    at RDSClient.proto._query (D:\homework\reactblog\service\node_modules\ali-rds\lib\client.js:38:20)
    at RDSClient.proto.query (D:\homework\reactblog\service\node_modules\ali-rds\lib\operator.js:54:29)
    at proto.query.next (<anonymous>)
    at onFulfilled (D:\homework\reactblog\service\node_modules\co\index.js:65:19)
    at D:\homework\reactblog\service\node_modules\co\index.js:54:5
    sql: SELECT article.id as id,article.title as title,article.introduce as introduce,FROM_UNIXTIME(article.addTime,'%Y-%m-%d ' ) as addTime,article.view_count as view_count ,type.typeName as typeName FROM article LEFT JOIN type ON article.type_id = type.Id WHERE type_id=1ORDER BY article.id DESC 
code: "ER_PARSE_ERROR"
errno: 1064
sqlMessage: "You have an error in your SQL syntax; check the manual that corresponds to your MySQL server version for the right syntax to use near 'BY article.id DESC' at line 1"
sqlState: "42000"
index: 0
sql: "SELECT article.id as id,article.title as title,article.introduce as introduce,FROM_UNIXTIME(article.addTime,'%Y-%m-%d ' ) as addTime,article.view_count as view_count ,type.typeName as typeName FROM article LEFT JOIN type ON article.type_id = type.Id WHERE type_id=1ORDER BY article.id DESC "
headers: {"Access-Control-Allow-Origin":"http://127.0.0.1:3000","Access-Control-Allow-Credentials":"true","vary":"Origin"}
name: "ER_PARSE_ERRORError"
pid: 5304
hostname: LAPTOP-H9BTA3UV

2021-09-10 00:04:25,948 ERROR 21352 [-/127.0.0.1/-/3ms GET /default/getListById/2] nodejs.ER_PARSE_ERRORError: ER_PARSE_ERROR: You have an error in your SQL syntax; check the manual that corresponds to your MySQL server version for the right syntax to use near 'BY article.id DESC' at line 1
    at Query.Sequence._packetToError (D:\homework\reactblog\service\node_modules\mysql\lib\protocol\sequences\Sequence.js:47:14)
    at Query.ErrorPacket (D:\homework\reactblog\service\node_modules\mysql\lib\protocol\sequences\Query.js:79:18)
    at Protocol._parsePacket (D:\homework\reactblog\service\node_modules\mysql\lib\protocol\Protocol.js:291:23)
    at Parser._parsePacket (D:\homework\reactblog\service\node_modules\mysql\lib\protocol\Parser.js:433:10)
    at Parser.write (D:\homework\reactblog\service\node_modules\mysql\lib\protocol\Parser.js:43:10)
    at Protocol.write (D:\homework\reactblog\service\node_modules\mysql\lib\protocol\Protocol.js:38:16)
    at Socket.<anonymous> (D:\homework\reactblog\service\node_modules\mysql\lib\Connection.js:88:28)
    at Socket.<anonymous> (D:\homework\reactblog\service\node_modules\mysql\lib\Connection.js:526:10)
    at Socket.emit (events.js:315:20)
    at addChunk (internal/streams/readable.js:309:12)
    --------------------
    at Pool.query (D:\homework\reactblog\service\node_modules\mysql\lib\Pool.js:199:23)
    at D:\homework\reactblog\service\node_modules\ali-rds\node_modules\pify\index.js:29:7
    at new Promise (<anonymous>)
    at Pool.<anonymous> (D:\homework\reactblog\service\node_modules\ali-rds\node_modules\pify\index.js:12:10)
    at Pool.ret [as query] (D:\homework\reactblog\service\node_modules\ali-rds\node_modules\pify\index.js:56:34)
    at RDSClient.proto._query (D:\homework\reactblog\service\node_modules\ali-rds\lib\client.js:38:20)
    at RDSClient.proto.query (D:\homework\reactblog\service\node_modules\ali-rds\lib\operator.js:54:29)
    at proto.query.next (<anonymous>)
    at onFulfilled (D:\homework\reactblog\service\node_modules\co\index.js:65:19)
    at D:\homework\reactblog\service\node_modules\co\index.js:54:5
    sql: SELECT article.id as id,article.title as title,article.introduce as introduce,FROM_UNIXTIME(article.addTime,'%Y-%m-%d ' ) as addTime,article.view_count as view_count ,type.typeName as typeName FROM article LEFT JOIN type ON article.type_id = type.Id WHERE type_id=2ORDER BY article.id DESC 
code: "ER_PARSE_ERROR"
errno: 1064
sqlMessage: "You have an error in your SQL syntax; check the manual that corresponds to your MySQL server version for the right syntax to use near 'BY article.id DESC' at line 1"
sqlState: "42000"
index: 0
sql: "SELECT article.id as id,article.title as title,article.introduce as introduce,FROM_UNIXTIME(article.addTime,'%Y-%m-%d ' ) as addTime,article.view_count as view_count ,type.typeName as typeName FROM article LEFT JOIN type ON article.type_id = type.Id WHERE type_id=2ORDER BY article.id DESC "
headers: {"Access-Control-Allow-Origin":"http://127.0.0.1:3000","Access-Control-Allow-Credentials":"true","vary":"Origin"}
name: "ER_PARSE_ERRORError"
pid: 21352
hostname: LAPTOP-H9BTA3UV

2021-09-10 00:06:50,113 ERROR 18012 [-/127.0.0.1/-/6ms GET /default/getArticleList] nodejs.ER_PARSE_ERRORError: ER_PARSE_ERROR: You have an error in your SQL syntax; check the manual that corresponds to your MySQL server version for the right syntax to use near 'BY article.id DESC' at line 1
    at Query.Sequence._packetToError (D:\homework\reactblog\service\node_modules\mysql\lib\protocol\sequences\Sequence.js:47:14)
    at Query.ErrorPacket (D:\homework\reactblog\service\node_modules\mysql\lib\protocol\sequences\Query.js:79:18)
    at Protocol._parsePacket (D:\homework\reactblog\service\node_modules\mysql\lib\protocol\Protocol.js:291:23)
    at Parser._parsePacket (D:\homework\reactblog\service\node_modules\mysql\lib\protocol\Parser.js:433:10)
    at Parser.write (D:\homework\reactblog\service\node_modules\mysql\lib\protocol\Parser.js:43:10)
    at Protocol.write (D:\homework\reactblog\service\node_modules\mysql\lib\protocol\Protocol.js:38:16)
    at Socket.<anonymous> (D:\homework\reactblog\service\node_modules\mysql\lib\Connection.js:88:28)
    at Socket.<anonymous> (D:\homework\reactblog\service\node_modules\mysql\lib\Connection.js:526:10)
    at Socket.emit (events.js:315:20)
    at addChunk (internal/streams/readable.js:309:12)
    --------------------
    at Pool.query (D:\homework\reactblog\service\node_modules\mysql\lib\Pool.js:199:23)
    at D:\homework\reactblog\service\node_modules\ali-rds\node_modules\pify\index.js:29:7
    at new Promise (<anonymous>)
    at Pool.<anonymous> (D:\homework\reactblog\service\node_modules\ali-rds\node_modules\pify\index.js:12:10)
    at Pool.ret [as query] (D:\homework\reactblog\service\node_modules\ali-rds\node_modules\pify\index.js:56:34)
    at RDSClient.proto._query (D:\homework\reactblog\service\node_modules\ali-rds\lib\client.js:38:20)
    at RDSClient.proto.query (D:\homework\reactblog\service\node_modules\ali-rds\lib\operator.js:54:29)
    at proto.query.next (<anonymous>)
    at onFulfilled (D:\homework\reactblog\service\node_modules\co\index.js:65:19)
    at D:\homework\reactblog\service\node_modules\co\index.js:54:5
    sql: SELECT article.id as id,article.title as title,article.introduce as introduce,FROM_UNIXTIME(article.addTime,'%Y-%m-%d ' ) as addTime,article.view_count as view_count ,type.typeName as typeName FROM article LEFT JOIN type ON article.type_id = type.IdORDER BY article.id DESC 
code: "ER_PARSE_ERROR"
errno: 1064
sqlMessage: "You have an error in your SQL syntax; check the manual that corresponds to your MySQL server version for the right syntax to use near 'BY article.id DESC' at line 1"
sqlState: "42000"
index: 0
sql: "SELECT article.id as id,article.title as title,article.introduce as introduce,FROM_UNIXTIME(article.addTime,'%Y-%m-%d ' ) as addTime,article.view_count as view_count ,type.typeName as typeName FROM article LEFT JOIN type ON article.type_id = type.IdORDER BY article.id DESC "
headers: {"Access-Control-Allow-Origin":"http://127.0.0.1:3000","Access-Control-Allow-Credentials":"true","vary":"Origin"}
name: "ER_PARSE_ERRORError"
pid: 18012
hostname: LAPTOP-H9BTA3UV

2021-09-10 00:11:40,704 ERROR 3756 [-/127.0.0.1/-/5ms GET /default/getCategoriesById/1] nodejs.ER_PARSE_ERRORError: ER_PARSE_ERROR: You have an error in your SQL syntax; check the manual that corresponds to your MySQL server version for the right syntax to use near 'type.typeName as typeName FROM article LEFT JOIN categories ON article.categorie' at line 1
    at Query.Sequence._packetToError (D:\homework\reactblog\service\node_modules\mysql\lib\protocol\sequences\Sequence.js:47:14)
    at Query.ErrorPacket (D:\homework\reactblog\service\node_modules\mysql\lib\protocol\sequences\Query.js:79:18)
    at Protocol._parsePacket (D:\homework\reactblog\service\node_modules\mysql\lib\protocol\Protocol.js:291:23)
    at Parser._parsePacket (D:\homework\reactblog\service\node_modules\mysql\lib\protocol\Parser.js:433:10)
    at Parser.write (D:\homework\reactblog\service\node_modules\mysql\lib\protocol\Parser.js:43:10)
    at Protocol.write (D:\homework\reactblog\service\node_modules\mysql\lib\protocol\Protocol.js:38:16)
    at Socket.<anonymous> (D:\homework\reactblog\service\node_modules\mysql\lib\Connection.js:88:28)
    at Socket.<anonymous> (D:\homework\reactblog\service\node_modules\mysql\lib\Connection.js:526:10)
    at Socket.emit (events.js:315:20)
    at addChunk (internal/streams/readable.js:309:12)
    --------------------
    at Pool.query (D:\homework\reactblog\service\node_modules\mysql\lib\Pool.js:199:23)
    at D:\homework\reactblog\service\node_modules\ali-rds\node_modules\pify\index.js:29:7
    at new Promise (<anonymous>)
    at Pool.<anonymous> (D:\homework\reactblog\service\node_modules\ali-rds\node_modules\pify\index.js:12:10)
    at Pool.ret [as query] (D:\homework\reactblog\service\node_modules\ali-rds\node_modules\pify\index.js:56:34)
    at RDSClient.proto._query (D:\homework\reactblog\service\node_modules\ali-rds\lib\client.js:38:20)
    at RDSClient.proto.query (D:\homework\reactblog\service\node_modules\ali-rds\lib\operator.js:54:29)
    at proto.query.next (<anonymous>)
    at onFulfilled (D:\homework\reactblog\service\node_modules\co\index.js:65:19)
    at D:\homework\reactblog\service\node_modules\co\index.js:54:5
    sql: SELECT article.id as id,article.title as title,article.introduce as introduce,FROM_UNIXTIME(article.addTime,'%Y-%m-%d ' ) as addTime,article.view_count as view_count ,categories.categoriesName as categoriesName type.typeName as typeName FROM article LEFT JOIN categories ON article.categories_id = categories.Id  LEFT JOIN type ON article.type_id = type.Id WHERE categories_id =1 ORDER BY article.addTime DESC 
code: "ER_PARSE_ERROR"
errno: 1064
sqlMessage: "You have an error in your SQL syntax; check the manual that corresponds to your MySQL server version for the right syntax to use near 'type.typeName as typeName FROM article LEFT JOIN categories ON article.categorie' at line 1"
sqlState: "42000"
index: 0
sql: "SELECT article.id as id,article.title as title,article.introduce as introduce,FROM_UNIXTIME(article.addTime,'%Y-%m-%d ' ) as addTime,article.view_count as view_count ,categories.categoriesName as categoriesName type.typeName as typeName FROM article LEFT JOIN categories ON article.categories_id = categories.Id  LEFT JOIN type ON article.type_id = type.Id WHERE categories_id =1 ORDER BY article.addTime DESC "
name: "ER_PARSE_ERRORError"
pid: 3756
hostname: LAPTOP-H9BTA3UV

2021-09-10 00:13:48,277 ERROR 4436 [-/127.0.0.1/-/2ms GET /default/getCategoriesById/1] nodejs.ER_PARSE_ERRORError: ER_PARSE_ERROR: You have an error in your SQL syntax; check the manual that corresponds to your MySQL server version for the right syntax to use near 'type.typeName as typeName FROM article LEFT JOIN type ON article.type_id = type.' at line 1
    at Query.Sequence._packetToError (D:\homework\reactblog\service\node_modules\mysql\lib\protocol\sequences\Sequence.js:47:14)
    at Query.ErrorPacket (D:\homework\reactblog\service\node_modules\mysql\lib\protocol\sequences\Query.js:79:18)
    at Protocol._parsePacket (D:\homework\reactblog\service\node_modules\mysql\lib\protocol\Protocol.js:291:23)
    at Parser._parsePacket (D:\homework\reactblog\service\node_modules\mysql\lib\protocol\Parser.js:433:10)
    at Parser.write (D:\homework\reactblog\service\node_modules\mysql\lib\protocol\Parser.js:43:10)
    at Protocol.write (D:\homework\reactblog\service\node_modules\mysql\lib\protocol\Protocol.js:38:16)
    at Socket.<anonymous> (D:\homework\reactblog\service\node_modules\mysql\lib\Connection.js:88:28)
    at Socket.<anonymous> (D:\homework\reactblog\service\node_modules\mysql\lib\Connection.js:526:10)
    at Socket.emit (events.js:315:20)
    at addChunk (internal/streams/readable.js:309:12)
    --------------------
    at Pool.query (D:\homework\reactblog\service\node_modules\mysql\lib\Pool.js:199:23)
    at D:\homework\reactblog\service\node_modules\ali-rds\node_modules\pify\index.js:29:7
    at new Promise (<anonymous>)
    at Pool.<anonymous> (D:\homework\reactblog\service\node_modules\ali-rds\node_modules\pify\index.js:12:10)
    at Pool.ret [as query] (D:\homework\reactblog\service\node_modules\ali-rds\node_modules\pify\index.js:56:34)
    at RDSClient.proto._query (D:\homework\reactblog\service\node_modules\ali-rds\lib\client.js:38:20)
    at RDSClient.proto.query (D:\homework\reactblog\service\node_modules\ali-rds\lib\operator.js:54:29)
    at proto.query.next (<anonymous>)
    at onFulfilled (D:\homework\reactblog\service\node_modules\co\index.js:65:19)
    at D:\homework\reactblog\service\node_modules\co\index.js:54:5
    sql: SELECT article.id as id,article.title as title,article.introduce as introduce,FROM_UNIXTIME(article.addTime,'%Y-%m-%d ' ) as addTime,article.view_count as view_count ,categories.categoriesName as categoriesName type.typeName as typeName FROM article LEFT JOIN type ON article.type_id = type.Id LEFT JOIN categories ON article.categories_id = categories.Id WHERE categories_id =1 ORDER BY article.addTime DESC 
code: "ER_PARSE_ERROR"
errno: 1064
sqlMessage: "You have an error in your SQL syntax; check the manual that corresponds to your MySQL server version for the right syntax to use near 'type.typeName as typeName FROM article LEFT JOIN type ON article.type_id = type.' at line 1"
sqlState: "42000"
index: 0
sql: "SELECT article.id as id,article.title as title,article.introduce as introduce,FROM_UNIXTIME(article.addTime,'%Y-%m-%d ' ) as addTime,article.view_count as view_count ,categories.categoriesName as categoriesName type.typeName as typeName FROM article LEFT JOIN type ON article.type_id = type.Id LEFT JOIN categories ON article.categories_id = categories.Id WHERE categories_id =1 ORDER BY article.addTime DESC "
headers: {"Access-Control-Allow-Origin":"http://127.0.0.1:3000","Access-Control-Allow-Credentials":"true","vary":"Origin"}
name: "ER_PARSE_ERRORError"
pid: 4436
hostname: LAPTOP-H9BTA3UV

